[2022-11-07 18:00:22,796] INFO [Controller id=1] Processing automatic preferred replica leader election (kafka.controller.KafkaController)
[2022-11-07 18:00:22,808] TRACE [Controller id=1] Checking need to trigger auto leader balancing (kafka.controller.KafkaController)
[2022-11-07 18:00:22,822] DEBUG [Controller id=1] Topics not in preferred replica for broker 1 Map() (kafka.controller.KafkaController)
[2022-11-07 18:00:22,823] TRACE [Controller id=1] Leader imbalance ratio for broker 1 is 0.0 (kafka.controller.KafkaController)
[2022-11-07 18:00:22,823] DEBUG [Controller id=1] Topics not in preferred replica for broker 0 Map() (kafka.controller.KafkaController)
[2022-11-07 18:00:22,823] TRACE [Controller id=1] Leader imbalance ratio for broker 0 is 0.0 (kafka.controller.KafkaController)
[2022-11-07 18:05:25,562] INFO [Controller id=1] Processing automatic preferred replica leader election (kafka.controller.KafkaController)
[2022-11-07 18:05:25,564] TRACE [Controller id=1] Checking need to trigger auto leader balancing (kafka.controller.KafkaController)
[2022-11-07 18:05:25,570] DEBUG [Controller id=1] Topics not in preferred replica for broker 1 Map() (kafka.controller.KafkaController)
[2022-11-07 18:05:25,571] TRACE [Controller id=1] Leader imbalance ratio for broker 1 is 0.0 (kafka.controller.KafkaController)
[2022-11-07 18:05:25,571] DEBUG [Controller id=1] Topics not in preferred replica for broker 0 Map() (kafka.controller.KafkaController)
[2022-11-07 18:05:25,571] TRACE [Controller id=1] Leader imbalance ratio for broker 0 is 0.0 (kafka.controller.KafkaController)
[2022-11-07 18:10:25,559] INFO [Controller id=1] Processing automatic preferred replica leader election (kafka.controller.KafkaController)
[2022-11-07 18:10:25,561] TRACE [Controller id=1] Checking need to trigger auto leader balancing (kafka.controller.KafkaController)
[2022-11-07 18:10:25,568] DEBUG [Controller id=1] Topics not in preferred replica for broker 1 Map() (kafka.controller.KafkaController)
[2022-11-07 18:10:25,569] TRACE [Controller id=1] Leader imbalance ratio for broker 1 is 0.0 (kafka.controller.KafkaController)
[2022-11-07 18:10:25,569] DEBUG [Controller id=1] Topics not in preferred replica for broker 0 Map() (kafka.controller.KafkaController)
[2022-11-07 18:10:25,569] TRACE [Controller id=1] Leader imbalance ratio for broker 0 is 0.0 (kafka.controller.KafkaController)
[2022-11-07 18:15:25,684] INFO [Controller id=1] Processing automatic preferred replica leader election (kafka.controller.KafkaController)
[2022-11-07 18:15:25,689] TRACE [Controller id=1] Checking need to trigger auto leader balancing (kafka.controller.KafkaController)
[2022-11-07 18:15:25,695] DEBUG [Controller id=1] Topics not in preferred replica for broker 1 Map() (kafka.controller.KafkaController)
[2022-11-07 18:15:25,696] TRACE [Controller id=1] Leader imbalance ratio for broker 1 is 0.0 (kafka.controller.KafkaController)
[2022-11-07 18:15:25,696] DEBUG [Controller id=1] Topics not in preferred replica for broker 0 Map() (kafka.controller.KafkaController)
[2022-11-07 18:15:25,696] TRACE [Controller id=1] Leader imbalance ratio for broker 0 is 0.0 (kafka.controller.KafkaController)
[2022-11-07 18:20:25,712] INFO [Controller id=1] Processing automatic preferred replica leader election (kafka.controller.KafkaController)
[2022-11-07 18:20:25,716] TRACE [Controller id=1] Checking need to trigger auto leader balancing (kafka.controller.KafkaController)
[2022-11-07 18:20:25,720] DEBUG [Controller id=1] Topics not in preferred replica for broker 1 Map() (kafka.controller.KafkaController)
[2022-11-07 18:20:25,720] TRACE [Controller id=1] Leader imbalance ratio for broker 1 is 0.0 (kafka.controller.KafkaController)
[2022-11-07 18:20:25,720] DEBUG [Controller id=1] Topics not in preferred replica for broker 0 Map() (kafka.controller.KafkaController)
[2022-11-07 18:20:25,721] TRACE [Controller id=1] Leader imbalance ratio for broker 0 is 0.0 (kafka.controller.KafkaController)
[2022-11-07 18:25:25,734] INFO [Controller id=1] Processing automatic preferred replica leader election (kafka.controller.KafkaController)
[2022-11-07 18:25:25,735] TRACE [Controller id=1] Checking need to trigger auto leader balancing (kafka.controller.KafkaController)
[2022-11-07 18:25:25,743] DEBUG [Controller id=1] Topics not in preferred replica for broker 1 Map() (kafka.controller.KafkaController)
[2022-11-07 18:25:25,744] TRACE [Controller id=1] Leader imbalance ratio for broker 1 is 0.0 (kafka.controller.KafkaController)
[2022-11-07 18:25:25,744] DEBUG [Controller id=1] Topics not in preferred replica for broker 0 Map() (kafka.controller.KafkaController)
[2022-11-07 18:25:25,744] TRACE [Controller id=1] Leader imbalance ratio for broker 0 is 0.0 (kafka.controller.KafkaController)
[2022-11-07 18:30:25,755] INFO [Controller id=1] Processing automatic preferred replica leader election (kafka.controller.KafkaController)
[2022-11-07 18:30:25,756] TRACE [Controller id=1] Checking need to trigger auto leader balancing (kafka.controller.KafkaController)
[2022-11-07 18:30:25,759] DEBUG [Controller id=1] Topics not in preferred replica for broker 1 Map() (kafka.controller.KafkaController)
[2022-11-07 18:30:25,760] TRACE [Controller id=1] Leader imbalance ratio for broker 1 is 0.0 (kafka.controller.KafkaController)
[2022-11-07 18:30:25,760] DEBUG [Controller id=1] Topics not in preferred replica for broker 0 Map() (kafka.controller.KafkaController)
[2022-11-07 18:30:25,760] TRACE [Controller id=1] Leader imbalance ratio for broker 0 is 0.0 (kafka.controller.KafkaController)
[2022-11-07 18:35:25,779] INFO [Controller id=1] Processing automatic preferred replica leader election (kafka.controller.KafkaController)
[2022-11-07 18:35:25,799] TRACE [Controller id=1] Checking need to trigger auto leader balancing (kafka.controller.KafkaController)
[2022-11-07 18:35:25,808] DEBUG [Controller id=1] Topics not in preferred replica for broker 1 Map() (kafka.controller.KafkaController)
[2022-11-07 18:35:25,808] TRACE [Controller id=1] Leader imbalance ratio for broker 1 is 0.0 (kafka.controller.KafkaController)
[2022-11-07 18:35:25,808] DEBUG [Controller id=1] Topics not in preferred replica for broker 0 Map() (kafka.controller.KafkaController)
[2022-11-07 18:35:25,808] TRACE [Controller id=1] Leader imbalance ratio for broker 0 is 0.0 (kafka.controller.KafkaController)
[2022-11-07 18:40:25,825] INFO [Controller id=1] Processing automatic preferred replica leader election (kafka.controller.KafkaController)
[2022-11-07 18:40:25,827] TRACE [Controller id=1] Checking need to trigger auto leader balancing (kafka.controller.KafkaController)
[2022-11-07 18:40:25,843] DEBUG [Controller id=1] Topics not in preferred replica for broker 1 Map() (kafka.controller.KafkaController)
[2022-11-07 18:40:25,843] TRACE [Controller id=1] Leader imbalance ratio for broker 1 is 0.0 (kafka.controller.KafkaController)
[2022-11-07 18:40:25,844] DEBUG [Controller id=1] Topics not in preferred replica for broker 0 Map() (kafka.controller.KafkaController)
[2022-11-07 18:40:25,844] TRACE [Controller id=1] Leader imbalance ratio for broker 0 is 0.0 (kafka.controller.KafkaController)
[2022-11-07 18:45:25,635] INFO [Controller id=1] Processing automatic preferred replica leader election (kafka.controller.KafkaController)
[2022-11-07 18:45:25,639] TRACE [Controller id=1] Checking need to trigger auto leader balancing (kafka.controller.KafkaController)
[2022-11-07 18:45:25,646] DEBUG [Controller id=1] Topics not in preferred replica for broker 1 Map() (kafka.controller.KafkaController)
[2022-11-07 18:45:25,647] TRACE [Controller id=1] Leader imbalance ratio for broker 1 is 0.0 (kafka.controller.KafkaController)
[2022-11-07 18:45:25,647] DEBUG [Controller id=1] Topics not in preferred replica for broker 0 Map() (kafka.controller.KafkaController)
[2022-11-07 18:45:25,647] TRACE [Controller id=1] Leader imbalance ratio for broker 0 is 0.0 (kafka.controller.KafkaController)
[2022-11-07 18:50:25,638] INFO [Controller id=1] Processing automatic preferred replica leader election (kafka.controller.KafkaController)
[2022-11-07 18:50:25,644] TRACE [Controller id=1] Checking need to trigger auto leader balancing (kafka.controller.KafkaController)
[2022-11-07 18:50:25,650] DEBUG [Controller id=1] Topics not in preferred replica for broker 1 Map() (kafka.controller.KafkaController)
[2022-11-07 18:50:25,650] TRACE [Controller id=1] Leader imbalance ratio for broker 1 is 0.0 (kafka.controller.KafkaController)
[2022-11-07 18:50:25,651] DEBUG [Controller id=1] Topics not in preferred replica for broker 0 Map() (kafka.controller.KafkaController)
[2022-11-07 18:50:25,651] TRACE [Controller id=1] Leader imbalance ratio for broker 0 is 0.0 (kafka.controller.KafkaController)
[2022-11-07 18:55:25,639] INFO [Controller id=1] Processing automatic preferred replica leader election (kafka.controller.KafkaController)
[2022-11-07 18:55:25,642] TRACE [Controller id=1] Checking need to trigger auto leader balancing (kafka.controller.KafkaController)
[2022-11-07 18:55:25,646] DEBUG [Controller id=1] Topics not in preferred replica for broker 1 Map() (kafka.controller.KafkaController)
[2022-11-07 18:55:25,646] TRACE [Controller id=1] Leader imbalance ratio for broker 1 is 0.0 (kafka.controller.KafkaController)
[2022-11-07 18:55:25,647] DEBUG [Controller id=1] Topics not in preferred replica for broker 0 Map() (kafka.controller.KafkaController)
[2022-11-07 18:55:25,647] TRACE [Controller id=1] Leader imbalance ratio for broker 0 is 0.0 (kafka.controller.KafkaController)
[2022-11-07 18:57:27,004] INFO [Controller id=1] Shutting down broker 1 (kafka.controller.KafkaController)
[2022-11-07 18:57:27,017] DEBUG [Controller id=1] All shutting down brokers: 1 (kafka.controller.KafkaController)
[2022-11-07 18:57:27,032] DEBUG [Controller id=1] Live brokers: 0 (kafka.controller.KafkaController)
[2022-11-07 18:57:27,331] INFO [RequestSendThread controllerId=1] Controller 1 connected to localhost:9092 (id: 1 rack: null) for sending state change requests (kafka.controller.RequestSendThread)
